TN:
SF:enigma.js
FN:4,mod
FN:15,plugboardSwap
FN:24,(anonymous_2)
FN:30,(anonymous_3)
FN:33,(anonymous_4)
FN:36,(anonymous_5)
FN:40,(anonymous_6)
FN:47,(anonymous_7)
FN:49,(anonymous_8)
FN:59,(anonymous_9)
FN:75,(anonymous_10)
FN:91,(anonymous_11)
FN:95,(anonymous_12)
FN:100,promptEnigma
FN:105,(anonymous_14)
FN:106,(anonymous_15)
FN:108,(anonymous_16)
FN:110,(anonymous_17)
FN:115,(anonymous_18)
FNF:19
FNH:13
FNDA:1377,mod
FNDA:396,plugboardSwap
FNDA:83,(anonymous_2)
FNDA:205,(anonymous_3)
FNDA:392,(anonymous_4)
FNDA:586,(anonymous_5)
FNDA:586,(anonymous_6)
FNDA:26,(anonymous_7)
FNDA:78,(anonymous_8)
FNDA:195,(anonymous_9)
FNDA:223,(anonymous_10)
FNDA:21,(anonymous_11)
FNDA:193,(anonymous_12)
FNDA:0,promptEnigma
FNDA:0,(anonymous_14)
FNDA:0,(anonymous_15)
FNDA:0,(anonymous_16)
FNDA:0,(anonymous_17)
FNDA:0,(anonymous_18)
DA:1,1
DA:3,1
DA:5,1377
DA:8,1
DA:13,1
DA:16,396
DA:17,280
DA:18,260
DA:20,356
DA:25,83
DA:26,83
DA:27,83
DA:28,83
DA:31,205
DA:34,392
DA:37,586
DA:38,586
DA:41,586
DA:42,586
DA:48,26
DA:50,78
DA:57,26
DA:61,195
DA:64,195
DA:67,195
DA:68,1
DA:69,1
DA:73,195
DA:76,223
DA:77,195
DA:78,195
DA:79,195
DA:80,585
DA:83,195
DA:85,195
DA:86,585
DA:89,195
DA:92,21
DA:95,193
DA:101,0
DA:105,0
DA:106,0
DA:107,0
DA:108,0
DA:109,0
DA:110,0
DA:112,0
DA:115,0
DA:117,0
DA:123,0
DA:124,0
DA:125,0
DA:133,1
DA:134,1
DA:137,1
DA:138,0
LF:56
LH:42
BRDA:17,0,0,20
BRDA:17,0,1,260
BRDA:18,1,0,20
BRDA:18,1,1,240
BRDA:24,2,0,0
BRDA:24,3,0,0
BRDA:64,4,0,5
BRDA:64,4,1,190
BRDA:67,5,0,1
BRDA:67,5,1,194
BRDA:76,6,0,28
BRDA:76,6,1,195
BRDA:112,7,0,0
BRDA:112,7,1,0
BRDA:133,8,0,1
BRDA:133,8,1,0
BRDA:133,9,0,1
BRDA:133,9,1,1
BRDA:137,10,0,0
BRDA:137,10,1,1
BRF:20
BRH:14
end_of_record
