TN:
SF:schema.js
FN:11,(anonymous_0)
FN:22,(anonymous_1)
FN:32,(anonymous_2)
FN:42,(anonymous_3)
FN:62,(anonymous_4)
FN:72,(anonymous_5)
FN:87,(anonymous_6)
FN:97,(anonymous_7)
FN:107,(anonymous_8)
FN:117,(anonymous_9)
FN:160,(anonymous_10)
FN:175,(anonymous_11)
FN:185,(anonymous_12)
FN:194,(anonymous_13)
FN:204,(anonymous_14)
FN:252,(anonymous_15)
FN:270,(anonymous_16)
FN:283,(anonymous_17)
FN:293,(anonymous_18)
FN:303,(anonymous_19)
FN:360,(anonymous_20)
FN:371,(anonymous_21)
FN:415,(anonymous_22)
FN:430,(anonymous_23)
FN:440,(anonymous_24)
FN:450,(anonymous_25)
FN:511,(anonymous_26)
FN:519,(anonymous_27)
FN:527,(anonymous_28)
FN:535,(anonymous_29)
FN:544,(anonymous_30)
FN:553,(anonymous_31)
FNF:32
FNH:31
FNDA:80,(anonymous_0)
FNDA:6,(anonymous_1)
FNDA:1,(anonymous_2)
FNDA:130,(anonymous_3)
FNDA:0,(anonymous_4)
FNDA:35,(anonymous_5)
FNDA:6,(anonymous_6)
FNDA:3,(anonymous_7)
FNDA:6,(anonymous_8)
FNDA:50,(anonymous_9)
FNDA:14,(anonymous_10)
FNDA:5,(anonymous_11)
FNDA:3,(anonymous_12)
FNDA:2,(anonymous_13)
FNDA:25,(anonymous_14)
FNDA:5,(anonymous_15)
FNDA:7,(anonymous_16)
FNDA:1,(anonymous_17)
FNDA:1,(anonymous_18)
FNDA:12,(anonymous_19)
FNDA:12,(anonymous_20)
FNDA:18,(anonymous_21)
FNDA:8,(anonymous_22)
FNDA:2,(anonymous_23)
FNDA:1,(anonymous_24)
FNDA:12,(anonymous_25)
FNDA:32,(anonymous_26)
FNDA:14,(anonymous_27)
FNDA:4,(anonymous_28)
FNDA:7,(anonymous_29)
FNDA:12,(anonymous_30)
FNDA:8,(anonymous_31)
DA:13,80
DA:15,80
DA:23,6
DA:24,6
DA:33,1
DA:34,1
DA:44,130
DA:45,8
DA:46,4
DA:48,4
DA:54,122
DA:63,0
DA:73,35
DA:75,35
DA:77,35
DA:79,35
DA:88,6
DA:89,6
DA:98,3
DA:99,3
DA:108,6
DA:109,6
DA:119,50
DA:120,3
DA:127,47
DA:128,5
DA:135,42
DA:136,2
DA:143,40
DA:144,4
DA:151,36
DA:161,14
DA:163,14
DA:165,14
DA:167,14
DA:176,5
DA:177,5
DA:186,3
DA:187,3
DA:195,2
DA:196,2
DA:206,25
DA:207,3
DA:214,22
DA:215,2
DA:222,20
DA:223,4
DA:230,16
DA:231,2
DA:238,14
DA:254,5
DA:255,2
DA:261,3
DA:271,7
DA:273,7
DA:275,7
DA:284,1
DA:285,1
DA:294,1
DA:295,1
DA:307,12
DA:308,5
DA:311,7
DA:312,6
DA:316,1
DA:323,11
DA:324,3
DA:331,8
DA:332,1
DA:339,7
DA:340,1
DA:347,6
DA:361,12
DA:363,12
DA:373,18
DA:374,2
DA:381,16
DA:384,16
DA:385,37
DA:387,37
DA:389,29
DA:392,8
DA:393,8
DA:398,16
DA:399,5
DA:402,11
DA:416,8
DA:418,8
DA:420,8
DA:422,8
DA:431,2
DA:432,2
DA:441,1
DA:442,1
DA:452,12
DA:453,1
DA:460,11
DA:461,1
DA:468,10
DA:469,1
DA:476,9
DA:479,9
DA:480,17
DA:482,17
DA:484,15
DA:487,2
DA:488,2
DA:493,9
DA:494,2
DA:497,7
DA:512,32
DA:520,14
DA:528,4
DA:536,7
DA:545,12
DA:554,8
DA:560,1
DA:561,1
DA:575,1
DA:577,0
DA:585,0
DA:597,0
DA:612,0
DA:613,0
LF:124
LH:118
BRDA:44,0,0,8
BRDA:44,0,1,122
BRDA:44,1,0,130
BRDA:44,1,1,125
BRDA:45,2,0,4
BRDA:45,2,1,4
BRDA:50,3,0,4
BRDA:50,3,1,4
BRDA:119,4,0,3
BRDA:119,4,1,47
BRDA:122,5,0,3
BRDA:122,5,1,2
BRDA:127,6,0,5
BRDA:127,6,1,42
BRDA:127,7,0,47
BRDA:127,7,1,13
BRDA:130,8,0,5
BRDA:130,8,1,5
BRDA:135,9,0,2
BRDA:135,9,1,40
BRDA:135,10,0,42
BRDA:135,10,1,6
BRDA:138,11,0,2
BRDA:138,11,1,2
BRDA:143,12,0,4
BRDA:143,12,1,36
BRDA:143,13,0,40
BRDA:143,13,1,9
BRDA:146,14,0,4
BRDA:146,14,1,4
BRDA:206,15,0,3
BRDA:206,15,1,22
BRDA:206,16,0,25
BRDA:206,16,1,23
BRDA:209,17,0,3
BRDA:209,17,1,3
BRDA:214,18,0,2
BRDA:214,18,1,20
BRDA:214,19,0,22
BRDA:214,19,1,6
BRDA:217,20,0,2
BRDA:217,20,1,2
BRDA:222,21,0,4
BRDA:222,21,1,16
BRDA:222,22,0,20
BRDA:222,22,1,8
BRDA:225,23,0,4
BRDA:225,23,1,4
BRDA:230,24,0,2
BRDA:230,24,1,14
BRDA:230,25,0,16
BRDA:230,25,1,5
BRDA:233,26,0,2
BRDA:233,26,1,2
BRDA:254,27,0,2
BRDA:254,27,1,3
BRDA:257,28,0,2
BRDA:257,28,1,2
BRDA:307,29,0,5
BRDA:307,29,1,7
BRDA:311,30,0,6
BRDA:311,30,1,1
BRDA:318,31,0,1
BRDA:318,31,1,1
BRDA:323,32,0,3
BRDA:323,32,1,8
BRDA:326,33,0,3
BRDA:326,33,1,3
BRDA:331,34,0,1
BRDA:331,34,1,7
BRDA:331,35,0,8
BRDA:331,35,1,2
BRDA:334,36,0,1
BRDA:334,36,1,1
BRDA:339,37,0,1
BRDA:339,37,1,6
BRDA:339,38,0,7
BRDA:339,38,1,2
BRDA:342,39,0,1
BRDA:342,39,1,1
BRDA:373,40,0,2
BRDA:373,40,1,16
BRDA:373,41,0,18
BRDA:373,41,1,17
BRDA:373,41,2,17
BRDA:376,42,0,2
BRDA:376,42,1,2
BRDA:387,43,0,29
BRDA:387,43,1,8
BRDA:398,44,0,5
BRDA:398,44,1,11
BRDA:452,45,0,1
BRDA:452,45,1,11
BRDA:455,46,0,1
BRDA:455,46,1,1
BRDA:460,47,0,1
BRDA:460,47,1,10
BRDA:460,48,0,11
BRDA:460,48,1,3
BRDA:463,49,0,1
BRDA:463,49,1,1
BRDA:468,50,0,1
BRDA:468,50,1,9
BRDA:468,51,0,10
BRDA:468,51,1,2
BRDA:471,52,0,1
BRDA:471,52,1,1
BRDA:482,53,0,15
BRDA:482,53,1,2
BRDA:493,54,0,2
BRDA:493,54,1,7
BRDA:560,55,0,1
BRDA:560,55,1,0
BRDA:560,56,0,1
BRDA:560,56,1,1
BRDA:575,57,0,0
BRDA:575,57,1,1
BRF:117
BRH:115
end_of_record
